\BOOKMARK [1][-]{section*.2}{Introduction}{}% 1
\BOOKMARK [1][-]{section*.3}{Related Work}{}% 2
\BOOKMARK [2][-]{section*.4}{Exposing Student Data for Teachers}{section*.3}% 3
\BOOKMARK [1][-]{section*.5}{Enlearn}{}% 4
\BOOKMARK [1][-]{section*.6}{Methods}{}% 5
\BOOKMARK [2][-]{section*.7}{Problem Characterization}{section*.6}% 6
\BOOKMARK [3][-]{section*.8}{Enlearn Data Structure}{section*.7}% 7
\BOOKMARK [3][-]{section*.9}{Teacher Tasks}{section*.7}% 8
\BOOKMARK [3][-]{section*.10}{Design Guidelines}{section*.7}% 9
\BOOKMARK [2][-]{section*.11}{Data Abstractions}{section*.6}% 10
\BOOKMARK [2][-]{section*.12}{Visual Encodings}{section*.6}% 11
\BOOKMARK [3][-]{section*.13}{Simulating Real-Time Data}{section*.12}% 12
\BOOKMARK [3][-]{section*.14}{Concept View}{section*.12}% 13
\BOOKMARK [3][-]{section*.15}{Aggregated View}{section*.12}% 14
\BOOKMARK [3][-]{section*.16}{Visualization Options}{section*.12}% 15
\BOOKMARK [2][-]{section*.17}{Implementation}{section*.6}% 16
\BOOKMARK [1][-]{section*.18}{Results}{}% 17
\BOOKMARK [1][-]{section*.19}{Discussion}{}% 18
\BOOKMARK [1][-]{section*.20}{Future Work}{}% 19
\BOOKMARK [1][-]{section*.21}{Conclusion}{}% 20
\BOOKMARK [1][-]{section*.22}{REFERENCES }{}% 21
